[2024-11-03 15:02:13.081] [modengine] [info] Attempting to load global config at C:\Users\benja\Modding\Armored Core VI\Projects\Gauntlet\modengine2\config.toml
[2024-11-03 15:02:13.081] [modengine] [info] Attempting to load mod settings config at C:\Users\benja\Modding\Armored Core VI\Projects\Gauntlet\config_armoredcore6.toml
[2024-11-03 15:02:13.085] [modengine] [info] Local config loaded
[2024-11-03 15:02:13.085] [modengine] [info] ModEngine version 2.1.0-0924ab36f1311bf84e7e626740b4bf2c0d54909a initializing for Armored Core 6
[2024-11-03 15:02:13.085] [modengine] [info] Local settings loaded: true, Global settings loaded: false
[2024-11-03 15:02:13.085] [modengine] [info] Main thread ID: 19092
[2024-11-03 15:02:13.087] [modengine] [info] Enabling extension base
[2024-11-03 15:02:13.087] [modengine] [info] Enabled extension base
[2024-11-03 15:02:13.087] [modengine] [info] Enabling extension mod_loader
[2024-11-03 15:02:13.087] [modengine] [info] Installing mod location mod
[2024-11-03 15:02:13.087] [modengine] [info] Resolved mod path to C:\Users\benja\Modding\Armored Core VI\Projects\Gauntlet\mod
[2024-11-03 15:02:13.087] [modengine] [info] Enabled extension mod_loader
[2024-11-03 15:02:13.130] [modengine] [info] Applied 3 hooks
[2024-11-03 15:02:13.132] [modengine] [info] Starting worker thread
[2024-11-03 15:27:47.661] [modengine] [info] Destroying
[2024-11-03 15:27:47.661] [modengine] [info] Destroying
[2024-11-03 15:27:47.661] [modengine] [info] Destroying
[2024-11-03 15:27:47.661] [modengine] [info] Destroying
[2024-11-03 15:27:47.661] [modengine] [info] Destroying
[2024-11-03 15:27:47.661] [modengine] [info] Destroying
[2024-11-03 15:27:47.661] [modengine] [info] Destroying
[2024-11-03 15:27:47.661] [modengine] [info] Destroying
[2024-11-03 15:27:47.661] [modengine] [info] Destroying
[2024-11-03 15:27:47.662] [modengine] [info] Destroying
[2024-11-03 15:30:15.821] [modengine] [info] Attempting to load global config at C:\Users\benja\Modding\Armored Core VI\Projects\Gauntlet\modengine2\config.toml
[2024-11-03 15:30:15.821] [modengine] [info] Attempting to load mod settings config at C:\Users\benja\Modding\Armored Core VI\Projects\Gauntlet\config_armoredcore6.toml
[2024-11-03 15:30:15.821] [modengine] [info] Local config loaded
[2024-11-03 15:30:15.821] [modengine] [info] ModEngine version 2.1.0-0924ab36f1311bf84e7e626740b4bf2c0d54909a initializing for Armored Core 6
[2024-11-03 15:30:15.821] [modengine] [info] Local settings loaded: true, Global settings loaded: false
[2024-11-03 15:30:15.821] [modengine] [info] Main thread ID: 18624
[2024-11-03 15:30:15.823] [modengine] [info] Enabling extension base
[2024-11-03 15:30:15.823] [modengine] [info] Enabled extension base
[2024-11-03 15:30:15.823] [modengine] [info] Enabling extension mod_loader
[2024-11-03 15:30:15.823] [modengine] [info] Installing mod location mod
[2024-11-03 15:30:15.823] [modengine] [info] Resolved mod path to C:\Users\benja\Modding\Armored Core VI\Projects\Gauntlet\mod
[2024-11-03 15:30:15.823] [modengine] [info] Enabled extension mod_loader
[2024-11-03 15:30:15.864] [modengine] [info] Applied 3 hooks
[2024-11-03 15:30:15.865] [modengine] [info] Starting worker thread
[2024-11-03 16:08:36.683] [modengine] [info] Destroying
[2024-11-03 16:08:36.683] [modengine] [info] Destroying
[2024-11-03 16:08:36.683] [modengine] [info] Destroying
[2024-11-03 16:08:36.683] [modengine] [info] Destroying
[2024-11-03 16:08:36.683] [modengine] [info] Destroying
[2024-11-03 16:08:36.683] [modengine] [info] Destroying
[2024-11-03 16:08:36.683] [modengine] [info] Destroying
[2024-11-03 16:08:36.683] [modengine] [info] Destroying
[2024-11-03 16:08:36.683] [modengine] [info] Destroying
[2024-11-03 16:08:36.683] [modengine] [info] Destroying
