[2024-10-31 01:00:50.172] [modengine] [info] Destroying
[2024-10-31 01:00:50.172] [modengine] [info] Destroying
[2024-10-31 01:00:50.172] [modengine] [info] Destroying
[2024-10-31 01:00:50.172] [modengine] [info] Destroying
[2024-10-31 01:00:50.172] [modengine] [info] Destroying
[2024-10-31 01:00:50.172] [modengine] [info] Destroying
[2024-10-31 01:00:50.172] [modengine] [info] Destroying
[2024-10-31 01:00:50.173] [modengine] [info] Destroying
[2024-10-31 01:00:50.173] [modengine] [info] Destroying
[2024-10-31 01:00:50.173] [modengine] [info] Destroying
[2024-10-31 01:09:32.500] [modengine] [info] Attempting to load global config at C:\Users\benja\Modding\Armored Core VI\Projects\Gauntlet\modengine2\config.toml
[2024-10-31 01:09:32.500] [modengine] [info] Attempting to load mod settings config at C:\Users\benja\Modding\Armored Core VI\Projects\Gauntlet\config_armoredcore6.toml
[2024-10-31 01:09:32.500] [modengine] [info] Local config loaded
[2024-10-31 01:09:32.500] [modengine] [info] ModEngine version 2.1.0-0924ab36f1311bf84e7e626740b4bf2c0d54909a initializing for Armored Core 6
[2024-10-31 01:09:32.500] [modengine] [info] Local settings loaded: true, Global settings loaded: false
[2024-10-31 01:09:32.500] [modengine] [info] Main thread ID: 30044
[2024-10-31 01:09:32.501] [modengine] [info] Enabling extension base
[2024-10-31 01:09:32.501] [modengine] [info] Enabled extension base
[2024-10-31 01:09:32.501] [modengine] [info] Enabling extension mod_loader
[2024-10-31 01:09:32.502] [modengine] [info] Installing mod location mod
[2024-10-31 01:09:32.502] [modengine] [info] Resolved mod path to C:\Users\benja\Modding\Armored Core VI\Projects\Gauntlet\mod
[2024-10-31 01:09:32.502] [modengine] [info] Enabled extension mod_loader
[2024-10-31 01:09:32.542] [modengine] [info] Applied 3 hooks
[2024-10-31 01:09:32.544] [modengine] [info] Starting worker thread
